19:22:10.052 INFO [GridLauncherV3.lambda$buildLaunchers$3] - Launching a standalone Selenium Server on port 4444
2020-05-31 19:22:10.141:INFO::main: Logging initialized @547ms to org.seleniumhq.jetty9.util.log.StdErrLog
19:22:10.486 INFO [WebDriverServlet.<init>] - Initialising WebDriverServlet
19:22:10.594 ERROR [BaseServer.start] - Port 4444 is busy, please choose a free port and specify it using -port option
Exception in thread "main" java.lang.RuntimeException: java.net.BindException: Address already in use: bind
	at org.openqa.selenium.grid.server.BaseServer.start(BaseServer.java:212)
	at org.openqa.selenium.remote.server.SeleniumServer.boot(SeleniumServer.java:137)
	at org.openqa.grid.selenium.GridLauncherV3.lambda$buildLaunchers$3(GridLauncherV3.java:249)
	at org.openqa.grid.selenium.GridLauncherV3.lambda$launch$0(GridLauncherV3.java:86)
	at java.util.Optional.map(Unknown Source)
	at org.openqa.grid.selenium.GridLauncherV3.launch(GridLauncherV3.java:86)
	at org.openqa.grid.selenium.GridLauncherV3.main(GridLauncherV3.java:70)
Caused by: java.net.BindException: Address already in use: bind
	at sun.nio.ch.Net.bind0(Native Method)
	at sun.nio.ch.Net.bind(Unknown Source)
	at sun.nio.ch.Net.bind(Unknown Source)
	at sun.nio.ch.ServerSocketChannelImpl.bind(Unknown Source)
	at sun.nio.ch.ServerSocketAdaptor.bind(Unknown Source)
	at org.seleniumhq.jetty9.server.ServerConnector.openAcceptChannel(ServerConnector.java:339)
	at org.seleniumhq.jetty9.server.ServerConnector.open(ServerConnector.java:307)
	at org.seleniumhq.jetty9.server.AbstractNetworkConnector.doStart(AbstractNetworkConnector.java:80)
	at org.seleniumhq.jetty9.server.ServerConnector.doStart(ServerConnector.java:235)
	at org.seleniumhq.jetty9.util.component.AbstractLifeCycle.start(AbstractLifeCycle.java:68)
	at org.seleniumhq.jetty9.server.Server.doStart(Server.java:395)
	at org.seleniumhq.jetty9.util.component.AbstractLifeCycle.start(AbstractLifeCycle.java:68)
	at org.openqa.selenium.grid.server.BaseServer.start(BaseServer.java:193)
	... 6 more
